<?xml version="1.0" encoding="UTF-8"?>
<testsuite name="RegistrationTests" tests="5" skipped="0" failures="0" errors="0" timestamp="2023-10-19T10:09:40" hostname="DESKTOP-V4G640E" time="27.216">
  <properties/>
  <testcase name="registrationNegativeTestEmptyLastName" classname="RegistrationTests" time="2.519"/>
  <testcase name="registrationNegativeTestEmptyName" classname="RegistrationTests" time="2.692"/>
  <testcase name="registrationNegativeTestWrongEmail" classname="RegistrationTests" time="2.043"/>
  <testcase name="registrationNegativeTestWrongPassword" classname="RegistrationTests" time="2.297"/>
  <testcase name="registrationPositive" classname="RegistrationTests" time="1.818"/>
  <system-out><![CDATA[]]></system-out>
  <system-err><![CDATA[1697710202125	Marionette	WARN	TimedPromise timed out after 500 ms: stacktrace:
TimedPromise/<@chrome://remote/content/marionette/sync.sys.mjs:219:24
TimedPromise@chrome://remote/content/marionette/sync.sys.mjs:203:10
interaction.flushEventLoop@chrome://remote/content/marionette/interaction.sys.mjs:429:10
webdriverClickElement@chrome://remote/content/marionette/interaction.sys.mjs:178:31
]]></system-err>
</testsuite>
